2020-07-26 15:48:45 INFO  XmlTransactionProcessorImpl:41 - Exception : Unexpected EOF in prolog
 at [row,col {unknown-source}]: [1,0]
2020-07-26 15:48:45 INFO  XmlTransactionProcessorImpl:39 - XML transaction list : [Transaction(type=D, amount=61.22, narration=Electricity bill), Transaction(type=D, amount=52.14, narration=Social security payment), Transaction(type=D, amount=200.00, narration=Payment sent to x), Transaction(type=C, amount=1920.00, narration=Salary), Transaction(type=D, amount=150.00, narration=Car rental)]
2020-07-26 15:48:45 INFO  CsvTransactionProcessorImpl:68 - Transaction List : []
2020-07-26 15:48:45 INFO  CsvTransactionProcessorImpl:68 - Transaction List : [Transaction(type=D, amount=61.22, narration=Electricity bill), Transaction(type=C, amount=500.0, narration=Social security payment)]
2020-07-26 15:48:46 DEBUG logging:22 - Logging Provider: org.jboss.logging.Log4jLoggerProvider
2020-07-26 15:48:46 INFO  Version:21 - HV000001: Hibernate Validator 6.0.18.Final
2020-07-26 15:48:46 DEBUG TraversableResolvers:93 - Found javax.persistence.Persistence on classpath containing 'getPersistenceUtil'. Assuming JPA 2 environment. Trying to instantiate JPA aware TraversableResolver
2020-07-26 15:48:46 DEBUG TraversableResolvers:103 - Instantiated JPA aware TraversableResolver of type org.hibernate.validator.internal.engine.resolver.JPATraversableResolver.
2020-07-26 15:48:46 DEBUG ResourceBundleMessageInterpolator:89 - Loaded expression factory via original TCCL
2020-07-26 15:48:46 DEBUG ConfigurationImpl:148 - Setting custom MessageInterpolator of type org.springframework.validation.beanvalidation.LocaleContextMessageInterpolator
2020-07-26 15:48:46 DEBUG ConfigurationImpl:194 - Setting custom ParameterNameProvider of type org.springframework.validation.beanvalidation.LocalValidatorFactoryBean$1
2020-07-26 15:48:46 DEBUG ValidationXmlParser:120 - Trying to load META-INF/validation.xml for XML based Validator configuration.
2020-07-26 15:48:46 DEBUG ResourceLoaderHelper:60 - Trying to load META-INF/validation.xml via TCCL
2020-07-26 15:48:46 DEBUG ResourceLoaderHelper:66 - Trying to load META-INF/validation.xml via Hibernate Validator's class loader
2020-07-26 15:48:46 DEBUG ValidationXmlParser:127 - No META-INF/validation.xml found. Using annotation based configuration only.
2020-07-26 15:48:46 DEBUG ValidatorFactoryImpl:578 - HV000234: Using org.springframework.validation.beanvalidation.LocaleContextMessageInterpolator as ValidatorFactory-scoped message interpolator.
2020-07-26 15:48:46 DEBUG ValidatorFactoryImpl:579 - HV000234: Using org.hibernate.validator.internal.engine.resolver.JPATraversableResolver as ValidatorFactory-scoped traversable resolver.
2020-07-26 15:48:46 DEBUG ValidatorFactoryImpl:580 - HV000234: Using org.hibernate.validator.internal.util.ExecutableParameterNameProvider as ValidatorFactory-scoped parameter name provider.
2020-07-26 15:48:46 DEBUG ValidatorFactoryImpl:581 - HV000234: Using org.hibernate.validator.internal.engine.DefaultClockProvider as ValidatorFactory-scoped clock provider.
2020-07-26 15:48:46 DEBUG ValidatorFactoryImpl:582 - HV000234: Using org.hibernate.validator.internal.engine.scripting.DefaultScriptEvaluatorFactory as ValidatorFactory-scoped script evaluator factory.
2020-07-26 15:48:46 DEBUG RequestMappingHandlerMapping:351 - 1 mappings in <unknown>
2020-07-26 15:48:46 DEBUG RequestMappingHandlerAdapter:615 - ControllerAdvice beans: 0 @ModelAttribute, 0 @InitBinder, 1 RequestBodyAdvice, 1 ResponseBodyAdvice
2020-07-26 15:48:46 DEBUG ExceptionHandlerExceptionResolver:297 - ControllerAdvice beans: 0 @ExceptionHandler, 1 ResponseBodyAdvice
2020-07-26 15:48:46 INFO  MockServletContext:455 - Initializing Spring TestDispatcherServlet ''
2020-07-26 15:48:46 INFO  TestDispatcherServlet:525 - Initializing Servlet ''
2020-07-26 15:48:46 DEBUG TestDispatcherServlet:550 - Detected AcceptHeaderLocaleResolver
2020-07-26 15:48:46 DEBUG TestDispatcherServlet:575 - Detected FixedThemeResolver
2020-07-26 15:48:46 DEBUG TestDispatcherServlet:718 - Detected org.springframework.web.servlet.view.DefaultRequestToViewNameTranslator@cb0f763
2020-07-26 15:48:46 DEBUG TestDispatcherServlet:782 - Detected org.springframework.web.servlet.support.SessionFlashMapManager@7573e12f
2020-07-26 15:48:46 DEBUG TestDispatcherServlet:542 - enableLoggingRequestDetails='false': request parameters and headers will be masked to prevent unsafe logging of potentially sensitive data
2020-07-26 15:48:46 INFO  TestDispatcherServlet:547 - Completed initialization in 6 ms
2020-07-26 15:48:46 DEBUG TestDispatcherServlet:91 - POST "/api/transaction/upload", parameters={}
2020-07-26 15:48:46 DEBUG RequestMappingHandlerMapping:412 - Mapped to com.demo.induction.tp.controller.TransactionProcessorController#uploadFile(MultipartFile)
2020-07-26 15:48:46 DEBUG HttpEntityMethodProcessor:273 - Using 'application/xml;charset=UTF-8', given [*/*] and supported [application/xml;charset=UTF-8, text/xml;charset=UTF-8, application/*+xml;charset=UTF-8, application/json, application/*+json]
2020-07-26 15:48:46 DEBUG HttpEntityMethodProcessor:91 - Writing [ServerResponse(httpStatus=200 OK, message=Uploaded the file successfully , data=TransactionProcessor (truncated)...]
2020-07-26 15:48:46 DEBUG TestDispatcherServlet:1131 - Completed 200 OK
2020-07-26 15:48:46 DEBUG TraversableResolvers:93 - Found javax.persistence.Persistence on classpath containing 'getPersistenceUtil'. Assuming JPA 2 environment. Trying to instantiate JPA aware TraversableResolver
2020-07-26 15:48:46 DEBUG TraversableResolvers:103 - Instantiated JPA aware TraversableResolver of type org.hibernate.validator.internal.engine.resolver.JPATraversableResolver.
2020-07-26 15:48:46 DEBUG ResourceBundleMessageInterpolator:89 - Loaded expression factory via original TCCL
2020-07-26 15:48:46 DEBUG ConfigurationImpl:148 - Setting custom MessageInterpolator of type org.springframework.validation.beanvalidation.LocaleContextMessageInterpolator
2020-07-26 15:48:46 DEBUG ConfigurationImpl:194 - Setting custom ParameterNameProvider of type org.springframework.validation.beanvalidation.LocalValidatorFactoryBean$1
2020-07-26 15:48:46 DEBUG ValidationXmlParser:120 - Trying to load META-INF/validation.xml for XML based Validator configuration.
2020-07-26 15:48:46 DEBUG ResourceLoaderHelper:60 - Trying to load META-INF/validation.xml via TCCL
2020-07-26 15:48:46 DEBUG ResourceLoaderHelper:66 - Trying to load META-INF/validation.xml via Hibernate Validator's class loader
2020-07-26 15:48:46 DEBUG ValidationXmlParser:127 - No META-INF/validation.xml found. Using annotation based configuration only.
2020-07-26 15:48:46 DEBUG ValidatorFactoryImpl:578 - HV000234: Using org.springframework.validation.beanvalidation.LocaleContextMessageInterpolator as ValidatorFactory-scoped message interpolator.
2020-07-26 15:48:46 DEBUG ValidatorFactoryImpl:579 - HV000234: Using org.hibernate.validator.internal.engine.resolver.JPATraversableResolver as ValidatorFactory-scoped traversable resolver.
2020-07-26 15:48:46 DEBUG ValidatorFactoryImpl:580 - HV000234: Using org.hibernate.validator.internal.util.ExecutableParameterNameProvider as ValidatorFactory-scoped parameter name provider.
2020-07-26 15:48:46 DEBUG ValidatorFactoryImpl:581 - HV000234: Using org.hibernate.validator.internal.engine.DefaultClockProvider as ValidatorFactory-scoped clock provider.
2020-07-26 15:48:46 DEBUG ValidatorFactoryImpl:582 - HV000234: Using org.hibernate.validator.internal.engine.scripting.DefaultScriptEvaluatorFactory as ValidatorFactory-scoped script evaluator factory.
2020-07-26 15:48:46 DEBUG RequestMappingHandlerMapping:351 - 1 mappings in <unknown>
2020-07-26 15:48:46 DEBUG RequestMappingHandlerAdapter:615 - ControllerAdvice beans: 0 @ModelAttribute, 0 @InitBinder, 1 RequestBodyAdvice, 1 ResponseBodyAdvice
2020-07-26 15:48:46 DEBUG ExceptionHandlerExceptionResolver:297 - ControllerAdvice beans: 0 @ExceptionHandler, 1 ResponseBodyAdvice
2020-07-26 15:48:46 INFO  MockServletContext:455 - Initializing Spring TestDispatcherServlet ''
2020-07-26 15:48:46 INFO  TestDispatcherServlet:525 - Initializing Servlet ''
2020-07-26 15:48:46 DEBUG TestDispatcherServlet:550 - Detected AcceptHeaderLocaleResolver
2020-07-26 15:48:46 DEBUG TestDispatcherServlet:575 - Detected FixedThemeResolver
2020-07-26 15:48:46 DEBUG TestDispatcherServlet:718 - Detected org.springframework.web.servlet.view.DefaultRequestToViewNameTranslator@35fb22a9
2020-07-26 15:48:46 DEBUG TestDispatcherServlet:782 - Detected org.springframework.web.servlet.support.SessionFlashMapManager@6c8909c3
2020-07-26 15:48:46 DEBUG TestDispatcherServlet:542 - enableLoggingRequestDetails='false': request parameters and headers will be masked to prevent unsafe logging of potentially sensitive data
2020-07-26 15:48:46 INFO  TestDispatcherServlet:547 - Completed initialization in 1 ms
2020-07-26 15:48:46 DEBUG TestDispatcherServlet:91 - POST "/api/transaction/upload", parameters={}
2020-07-26 15:48:46 DEBUG RequestMappingHandlerMapping:412 - Mapped to com.demo.induction.tp.controller.TransactionProcessorController#uploadFile(MultipartFile)
2020-07-26 15:48:46 DEBUG HttpEntityMethodProcessor:273 - Using 'application/xml;charset=UTF-8', given [*/*] and supported [application/xml;charset=UTF-8, text/xml;charset=UTF-8, application/*+xml;charset=UTF-8, application/json, application/*+json]
2020-07-26 15:48:46 DEBUG HttpEntityMethodProcessor:91 - Writing [ServerResponse(httpStatus=200 OK, message=Uploaded the file successfully , data=TransactionProcessor (truncated)...]
2020-07-26 15:48:46 DEBUG TestDispatcherServlet:1131 - Completed 200 OK
2020-07-26 16:43:14 INFO  XmlTransactionProcessorImpl:41 - Exception : Unexpected EOF in prolog
 at [row,col {unknown-source}]: [1,0]
2020-07-26 16:43:14 INFO  XmlTransactionProcessorImpl:39 - XML transaction list : [Transaction(type=D, amount=61.22, narration=Electricity bill), Transaction(type=D, amount=52.14, narration=Social security payment), Transaction(type=D, amount=200.00, narration=Payment sent to x), Transaction(type=C, amount=1920.00, narration=Salary), Transaction(type=D, amount=150.00, narration=Car rental)]
2020-07-26 16:43:14 INFO  CsvTransactionProcessorImpl:68 - Transaction List : []
2020-07-26 16:43:14 INFO  CsvTransactionProcessorImpl:68 - Transaction List : [Transaction(type=D, amount=61.22, narration=Electricity bill), Transaction(type=C, amount=500.0, narration=Social security payment)]
2020-07-26 16:43:14 DEBUG logging:22 - Logging Provider: org.jboss.logging.Log4jLoggerProvider
2020-07-26 16:43:14 INFO  Version:21 - HV000001: Hibernate Validator 6.0.18.Final
2020-07-26 16:43:14 DEBUG TraversableResolvers:93 - Found javax.persistence.Persistence on classpath containing 'getPersistenceUtil'. Assuming JPA 2 environment. Trying to instantiate JPA aware TraversableResolver
2020-07-26 16:43:14 DEBUG TraversableResolvers:103 - Instantiated JPA aware TraversableResolver of type org.hibernate.validator.internal.engine.resolver.JPATraversableResolver.
2020-07-26 16:43:14 DEBUG ResourceBundleMessageInterpolator:89 - Loaded expression factory via original TCCL
2020-07-26 16:43:14 DEBUG ConfigurationImpl:148 - Setting custom MessageInterpolator of type org.springframework.validation.beanvalidation.LocaleContextMessageInterpolator
2020-07-26 16:43:14 DEBUG ConfigurationImpl:194 - Setting custom ParameterNameProvider of type org.springframework.validation.beanvalidation.LocalValidatorFactoryBean$1
2020-07-26 16:43:14 DEBUG ValidationXmlParser:120 - Trying to load META-INF/validation.xml for XML based Validator configuration.
2020-07-26 16:43:14 DEBUG ResourceLoaderHelper:60 - Trying to load META-INF/validation.xml via TCCL
2020-07-26 16:43:14 DEBUG ResourceLoaderHelper:66 - Trying to load META-INF/validation.xml via Hibernate Validator's class loader
2020-07-26 16:43:14 DEBUG ValidationXmlParser:127 - No META-INF/validation.xml found. Using annotation based configuration only.
2020-07-26 16:43:14 DEBUG ValidatorFactoryImpl:578 - HV000234: Using org.springframework.validation.beanvalidation.LocaleContextMessageInterpolator as ValidatorFactory-scoped message interpolator.
2020-07-26 16:43:14 DEBUG ValidatorFactoryImpl:579 - HV000234: Using org.hibernate.validator.internal.engine.resolver.JPATraversableResolver as ValidatorFactory-scoped traversable resolver.
2020-07-26 16:43:14 DEBUG ValidatorFactoryImpl:580 - HV000234: Using org.hibernate.validator.internal.util.ExecutableParameterNameProvider as ValidatorFactory-scoped parameter name provider.
2020-07-26 16:43:14 DEBUG ValidatorFactoryImpl:581 - HV000234: Using org.hibernate.validator.internal.engine.DefaultClockProvider as ValidatorFactory-scoped clock provider.
2020-07-26 16:43:14 DEBUG ValidatorFactoryImpl:582 - HV000234: Using org.hibernate.validator.internal.engine.scripting.DefaultScriptEvaluatorFactory as ValidatorFactory-scoped script evaluator factory.
2020-07-26 16:43:15 DEBUG RequestMappingHandlerMapping:351 - 1 mappings in <unknown>
2020-07-26 16:43:15 DEBUG RequestMappingHandlerAdapter:615 - ControllerAdvice beans: 0 @ModelAttribute, 0 @InitBinder, 1 RequestBodyAdvice, 1 ResponseBodyAdvice
2020-07-26 16:43:15 DEBUG ExceptionHandlerExceptionResolver:297 - ControllerAdvice beans: 0 @ExceptionHandler, 1 ResponseBodyAdvice
2020-07-26 16:43:15 INFO  MockServletContext:455 - Initializing Spring TestDispatcherServlet ''
2020-07-26 16:43:15 INFO  TestDispatcherServlet:525 - Initializing Servlet ''
2020-07-26 16:43:15 DEBUG TestDispatcherServlet:550 - Detected AcceptHeaderLocaleResolver
2020-07-26 16:43:15 DEBUG TestDispatcherServlet:575 - Detected FixedThemeResolver
2020-07-26 16:43:15 DEBUG TestDispatcherServlet:718 - Detected org.springframework.web.servlet.view.DefaultRequestToViewNameTranslator@4ba89729
2020-07-26 16:43:15 DEBUG TestDispatcherServlet:782 - Detected org.springframework.web.servlet.support.SessionFlashMapManager@178270b2
2020-07-26 16:43:15 DEBUG TestDispatcherServlet:542 - enableLoggingRequestDetails='false': request parameters and headers will be masked to prevent unsafe logging of potentially sensitive data
2020-07-26 16:43:15 INFO  TestDispatcherServlet:547 - Completed initialization in 6 ms
2020-07-26 16:43:15 DEBUG TestDispatcherServlet:91 - POST "/api/transaction/upload", parameters={}
2020-07-26 16:43:15 DEBUG RequestMappingHandlerMapping:412 - Mapped to com.demo.induction.tp.controller.TransactionProcessorController#uploadFile(MultipartFile)
2020-07-26 16:43:15 DEBUG HttpEntityMethodProcessor:273 - Using 'application/xml;charset=UTF-8', given [*/*] and supported [application/xml;charset=UTF-8, text/xml;charset=UTF-8, application/*+xml;charset=UTF-8, application/json, application/*+json]
2020-07-26 16:43:15 DEBUG HttpEntityMethodProcessor:91 - Writing [ServerResponse(httpStatus=200 OK, message=Uploaded the file successfully , data=TransactionProcessor (truncated)...]
2020-07-26 16:43:15 DEBUG TestDispatcherServlet:1131 - Completed 200 OK
2020-07-26 16:43:15 DEBUG TraversableResolvers:93 - Found javax.persistence.Persistence on classpath containing 'getPersistenceUtil'. Assuming JPA 2 environment. Trying to instantiate JPA aware TraversableResolver
2020-07-26 16:43:15 DEBUG TraversableResolvers:103 - Instantiated JPA aware TraversableResolver of type org.hibernate.validator.internal.engine.resolver.JPATraversableResolver.
2020-07-26 16:43:15 DEBUG ResourceBundleMessageInterpolator:89 - Loaded expression factory via original TCCL
2020-07-26 16:43:15 DEBUG ConfigurationImpl:148 - Setting custom MessageInterpolator of type org.springframework.validation.beanvalidation.LocaleContextMessageInterpolator
2020-07-26 16:43:15 DEBUG ConfigurationImpl:194 - Setting custom ParameterNameProvider of type org.springframework.validation.beanvalidation.LocalValidatorFactoryBean$1
2020-07-26 16:43:15 DEBUG ValidationXmlParser:120 - Trying to load META-INF/validation.xml for XML based Validator configuration.
2020-07-26 16:43:15 DEBUG ResourceLoaderHelper:60 - Trying to load META-INF/validation.xml via TCCL
2020-07-26 16:43:15 DEBUG ResourceLoaderHelper:66 - Trying to load META-INF/validation.xml via Hibernate Validator's class loader
2020-07-26 16:43:15 DEBUG ValidationXmlParser:127 - No META-INF/validation.xml found. Using annotation based configuration only.
2020-07-26 16:43:15 DEBUG ValidatorFactoryImpl:578 - HV000234: Using org.springframework.validation.beanvalidation.LocaleContextMessageInterpolator as ValidatorFactory-scoped message interpolator.
2020-07-26 16:43:15 DEBUG ValidatorFactoryImpl:579 - HV000234: Using org.hibernate.validator.internal.engine.resolver.JPATraversableResolver as ValidatorFactory-scoped traversable resolver.
2020-07-26 16:43:15 DEBUG ValidatorFactoryImpl:580 - HV000234: Using org.hibernate.validator.internal.util.ExecutableParameterNameProvider as ValidatorFactory-scoped parameter name provider.
2020-07-26 16:43:15 DEBUG ValidatorFactoryImpl:581 - HV000234: Using org.hibernate.validator.internal.engine.DefaultClockProvider as ValidatorFactory-scoped clock provider.
2020-07-26 16:43:15 DEBUG ValidatorFactoryImpl:582 - HV000234: Using org.hibernate.validator.internal.engine.scripting.DefaultScriptEvaluatorFactory as ValidatorFactory-scoped script evaluator factory.
2020-07-26 16:43:15 DEBUG RequestMappingHandlerMapping:351 - 1 mappings in <unknown>
2020-07-26 16:43:15 DEBUG RequestMappingHandlerAdapter:615 - ControllerAdvice beans: 0 @ModelAttribute, 0 @InitBinder, 1 RequestBodyAdvice, 1 ResponseBodyAdvice
2020-07-26 16:43:15 DEBUG ExceptionHandlerExceptionResolver:297 - ControllerAdvice beans: 0 @ExceptionHandler, 1 ResponseBodyAdvice
2020-07-26 16:43:15 INFO  MockServletContext:455 - Initializing Spring TestDispatcherServlet ''
2020-07-26 16:43:15 INFO  TestDispatcherServlet:525 - Initializing Servlet ''
2020-07-26 16:43:15 DEBUG TestDispatcherServlet:550 - Detected AcceptHeaderLocaleResolver
2020-07-26 16:43:15 DEBUG TestDispatcherServlet:575 - Detected FixedThemeResolver
2020-07-26 16:43:15 DEBUG TestDispatcherServlet:718 - Detected org.springframework.web.servlet.view.DefaultRequestToViewNameTranslator@184dbacc
2020-07-26 16:43:15 DEBUG TestDispatcherServlet:782 - Detected org.springframework.web.servlet.support.SessionFlashMapManager@2aeefcc
2020-07-26 16:43:15 DEBUG TestDispatcherServlet:542 - enableLoggingRequestDetails='false': request parameters and headers will be masked to prevent unsafe logging of potentially sensitive data
2020-07-26 16:43:15 INFO  TestDispatcherServlet:547 - Completed initialization in 2 ms
2020-07-26 16:43:15 DEBUG TestDispatcherServlet:91 - POST "/api/transaction/upload", parameters={}
2020-07-26 16:43:15 DEBUG RequestMappingHandlerMapping:412 - Mapped to com.demo.induction.tp.controller.TransactionProcessorController#uploadFile(MultipartFile)
2020-07-26 16:43:15 DEBUG HttpEntityMethodProcessor:273 - Using 'application/xml;charset=UTF-8', given [*/*] and supported [application/xml;charset=UTF-8, text/xml;charset=UTF-8, application/*+xml;charset=UTF-8, application/json, application/*+json]
2020-07-26 16:43:15 DEBUG HttpEntityMethodProcessor:91 - Writing [ServerResponse(httpStatus=200 OK, message=Uploaded the file successfully , data=TransactionProcessor (truncated)...]
2020-07-26 16:43:15 DEBUG TestDispatcherServlet:1131 - Completed 200 OK
